<?xml version="1.0" encoding="UTF-8"?>
<!-- Generated by org.testng.reporters.JUnitReportReporter -->
<testsuite hostname="ABS-Macbook-Pro.local" failures="0" tests="5" name="tests.InsiderE2ETests" time="203.507" errors="0" timestamp="2025-10-31T00:14:37 GMT+03:00" skipped="0">
  <testcase classname="tests.InsiderE2ETests" name="test03_VerifyQAJobsFiltering" time="58.844"/>
  <testcase classname="tests.InsiderE2ETests" name="test02_VerifyCareersPageAndSections" time="31.450"/>
  <testcase classname="tests.InsiderE2ETests" name="test01_VerifyInsiderHomePageOpened" time="13.414"/>
  <testcase classname="tests.InsiderE2ETests" name="test04_VerifyJobDetails" time="44.419"/>
  <testcase classname="tests.InsiderE2ETests" name="test05_VerifyLeverApplicationRedirect" time="55.380"/>
</testsuite> <!-- tests.InsiderE2ETests -->
